<?xml version="1.0" encoding="UTF-8"?>
<testng-results ignored="0" total="2" passed="2" failed="0" skipped="0">
  <reporter-output>
  </reporter-output>
  <suite started-at="2021-06-27T23:19:10 CDT" name="Default suite" finished-at="2021-06-27T23:19:12 CDT" duration-ms="2555">
    <groups>
    </groups>
    <test started-at="2021-06-27T23:19:10 CDT" name="Default test" finished-at="2021-06-27T23:19:12 CDT" duration-ms="2555">
      <class name="testCases.putUser">
        <test-method signature="putUser()[pri:0, instance:testCases.putUser@740773a3]" started-at="2021-06-27T23:19:10 CDT" name="putUser" finished-at="2021-06-27T23:19:12 CDT" duration-ms="2517" status="PASS">
          <reporter-output>
          </reporter-output>
        </test-method> <!-- putUser -->
        <test-method signature="upDateUser()[pri:0, instance:testCases.putUser@740773a3]" started-at="2021-06-27T23:19:12 CDT" name="upDateUser" finished-at="2021-06-27T23:19:12 CDT" duration-ms="3" status="PASS">
          <reporter-output>
          </reporter-output>
        </test-method> <!-- upDateUser -->
      </class> <!-- testCases.putUser -->
    </test> <!-- Default test -->
  </suite> <!-- Default suite -->
</testng-results>
